
ROM used:   1587/8192 (19%)
            1587/8192 (19%) including unused fragments

            1.3 Average locations per line
            12.7 Average locations per statement

RAM used:   20/368 (5%) at main() level
            42/368 (11%) worst case

Stack used: 5 worst case (5 in main + 0 for interrupts)
Stack size: 8

Lines Stmts  %   Files
----- ----- ---  -----
   48    25  20  Proyecto.c
    5     0   0  Proyecto.h
  756     0   0  ..\..\..\..\Program Files (x86)\PICC\Devices\16F886.h
  456   100  80  ..\..\..\..\Program Files (x86)\PICC\Drivers\lcd.c
----- -----
 1265   125 Total

Page ROM  %  RAM    Vol Diff  Functions:
---- --- --- ---    --- ----  ----------
0     20   1    1             @delay_ms1
 Inline         3    760  4.5  lcd_read_byte
0     57   4    2    262  3.7  lcd_read_nibble
0     57   4    1    399  2.4  lcd_send_nibble
0    136   9    3    415  3.7  lcd_send_byte
0    104   7    6    852  6.2  lcd_init
0     18   1    4    208  6.3  lcd_gotoxy
0     44   3    1    354  4.7  lcd_putc
0    218  14   14    771  6.8  main
0     29   2    2             @ITOF
0    117   7   13             @MULFF
0    204  13   14             @DIVFF
0     65   4   10             @FLT
0      6   0    0             @const648
0     87   5    5             @PSTRINGCN7_618
 Inline         5             @FTOSD
0     79   5   13             @DIV3232
0    226  14   13             @PRINTF_L32D_618FPFPF
0      6   0    0             @const659
0     21   1    3             @DIV88
0     89   6    6             @PRINTF_D_618
 Inline         0             @cinit1

Program metrics:
    Functions               8
    Statements              125
    Comments                235
    Volume (V)              6070
    Difficulty (D)          36.2
    Effort to implement (E) 219749
    Time to implement (T)   3 hours, 23 minutes
    Est Delivered Bugs (B)  1
    Cyclomatic Complexity   11
    Maintainability (MI)    134

 Segment     Used  Free
-----------  ----  ----
00000-00003     4  0  
00004-007FF  1583  461  
00800-00FFF     0  2048  
01000-017FF     0  2048  
01800-01FFF     0  2048  



